WHYLIB is not set, using /home/maria/.opam/4.04.2/lib/jessie as default
Parsing
Normalization
Typing logic labels
Typing code
Typing axiomatic Padding
Typing logic type declaration padding
Typing axiomatic HexToBin
Typing axiomatic Un_Space
Typing axiomatic Un_Special
Typing axiomatic Padding
Typing tag voidP
Typing tag charP
Typing tag unsigned_charP
Typing tag char_xP
Typing axiomatic HexToBin
Typing lemma/axiom A0
Typing lemma/axiom A1
Typing lemma/axiom A2
Typing lemma/axiom A3
Typing lemma/axiom A4
Typing lemma/axiom A5
Typing lemma/axiom A6
Typing lemma/axiom A7
Typing lemma/axiom A8
Typing lemma/axiom A9
Typing lemma/axiom AA
Typing lemma/axiom AB
Typing lemma/axiom AC
Typing lemma/axiom AD
Typing lemma/axiom AE
Typing lemma/axiom AF
occurrences table for axiom AF in axiomatic HexToBin:
  141:  ; ; ;
  
occurrences table for axiom AE in axiomatic HexToBin:
  141:  ; ; ;
  
occurrences table for axiom AD in axiomatic HexToBin:
  141:  ; ; ;
  
occurrences table for axiom AC in axiomatic HexToBin:
  141:  ; ; ;
  
occurrences table for axiom AB in axiomatic HexToBin:
  141:  ; ; ;
  
occurrences table for axiom AA in axiomatic HexToBin:
  141:  ; ; ;
  
occurrences table for axiom A9 in axiomatic HexToBin:
  141:  ;
  
occurrences table for axiom A8 in axiomatic HexToBin:
  141:  ;
  
occurrences table for axiom A7 in axiomatic HexToBin:
  141:  ;
  
occurrences table for axiom A6 in axiomatic HexToBin:
  141:  ;
  
occurrences table for axiom A5 in axiomatic HexToBin:
  141:  ;
  
occurrences table for axiom A4 in axiomatic HexToBin:
  141:  ;
  
occurrences table for axiom A3 in axiomatic HexToBin:
  141:  ;
  
occurrences table for axiom A2 in axiomatic HexToBin:
  141:  ;
  
occurrences table for axiom A1 in axiomatic HexToBin:
  141:  ;
  
occurrences table for axiom A0 in axiomatic HexToBin:
  141:  ;
  
Typing axiomatic Un_Space
Typing lemma/axiom N
Typing lemma/axiom R
Typing lemma/axiom T
Typing lemma/axiom V
Typing lemma/axiom F
occurrences table for axiom F in axiomatic Un_Space:
  145:  ;
  
occurrences table for axiom V in axiomatic Un_Space:
  145:  ;
  
occurrences table for axiom T in axiomatic Un_Space:
  145:  ;
  
occurrences table for axiom R in axiomatic Un_Space:
  145:  ;
  
occurrences table for axiom N in axiomatic Un_Space:
  145:  ;
  
Typing axiomatic Un_Special
Typing lemma/axiom S
Typing lemma/axiom SS
Typing lemma/axiom E
Typing lemma/axiom A
occurrences table for axiom A in axiomatic Un_Special:
  146:  ;
  
occurrences table for axiom E in axiomatic Un_Special:
  146:  ;
  
occurrences table for axiom SS in axiomatic Un_Special:
  146:  ;
  
occurrences table for axiom S in axiomatic Un_Special:
  146:  ;
  
Computation of call graph
***********************************
Logic call graph: has 7 components
***********************************
Component 0:
 hex_to_bin calls: hex_to_bin,
hex_to_bin, hex_to_bin, hex_to_bin, hex_to_bin, hex_to_bin, hex_to_bin,
hex_to_bin, hex_to_bin, hex_to_bin, hex_to_bin, hex_to_bin, hex_to_bin,
hex_to_bin, hex_to_bin, hex_to_bin, hex_to_bin, hex_to_bin, hex_to_bin,
hex_to_bin, hex_to_bin, hex_to_bin, hex_to_bin, hex_to_bin, hex_to_bin,
hex_to_bin, hex_to_bin,
hex_to_bin

Component 1:
 isdigit calls: 

Component 2:
 isxdigit calls: isdigit

Component 3:
 isodigit calls: 

Component 4:
 unescape_space calls: unescape_space, unescape_space,
unescape_space, unescape_space,
unescape_space

Component 5:
 unescape_special calls: unescape_special, unescape_special,
unescape_special,
unescape_special

Component 6:
 is_special calls: 

******************************
Call graph: has 7 components
******************************
Component 0:
 hex_to_bin calls: 

Component 1:
 isodigit calls: 

Component 2:
 unescape_hex calls: hex_to_bin,
hex_to_bin

Component 3:
 unescape_octal calls: isodigit,
isodigit

Component 4:
 unescape_space calls: 

Component 5:
 unescape_special calls: 

Component 6:
 string_unescape calls: unescape_special, unescape_hex,
unescape_octal,
unescape_space

Adding invariants
Computation of regions
Separation: treating function hex_to_bin
Separation: treating function hex_to_bin
Separation: treating function isodigit
Separation: treating function isodigit
Separation: treating function unescape_hex
Separation: treating function unescape_hex
Separation: treating function unescape_octal
Separation: treating function unescape_octal
Separation: treating function unescape_space
Separation: treating function unescape_space
Separation: treating function unescape_special
Separation: treating function unescape_special
Separation: treating function string_unescape
Separation: treating function string_unescape
Computation of effects
Effects: doing one iteration
Effects: fixpoint reached
Effects for logic function hex_to_bin:
 alloc_table: 
 tag_table: 
 memories: 
 raw memories: 
 precise memories: 
 globals: 
 locals: 

Effects: doing one iteration
Effects: doing one iteration
Effects: fixpoint reached
Effects for logic function isdigit:
 alloc_table: 
 tag_table: 
 memories: 
 raw memories: 
 precise memories: 
 globals: 
 locals: c_0 at (Here)

Effects: doing one iteration
Effects: doing one iteration
Effects: fixpoint reached
Effects for logic function isxdigit:
 alloc_table: 
 tag_table: 
 memories: 
 raw memories: 
 precise memories: 
 globals: 
 locals: c at (Here)

Effects: doing one iteration
Effects: doing one iteration
Effects: fixpoint reached
Effects for logic function isodigit:
 alloc_table: 
 tag_table: 
 memories: 
 raw memories: 
 precise memories: 
 globals: 
 locals: c_1 at (Here)

Effects: doing one iteration
Effects: fixpoint reached
Effects for logic function unescape_space:
 alloc_table: 
 tag_table: 
 memories: 
 raw memories: 
 precise memories: 
 globals: 
 locals: 

Effects: doing one iteration
Effects: fixpoint reached
Effects for logic function unescape_special:
 alloc_table: 
 tag_table: 
 memories: 
 raw memories: 
 precise memories: 
 globals: 
 locals: 

Effects: doing one iteration
Effects: doing one iteration
Effects: fixpoint reached
Effects for logic function is_special:
 alloc_table: 
 tag_table: 
 memories: 
 raw memories: 
 precise memories: 
 globals: 
 locals: c_2 at (Here)

Effects: doing one iteration...
Effects: doing one iteration...
Effects: fixpoint reached
Effects for function hex_to_bin:
 reads:  alloc_table: 
         tag_table: 
         memories: 
         raw memories: 
         precise memories: 
         globals: 
         locals: 

 writes:  alloc_table: 
          tag_table: 
          memories: 
          raw memories: 
          precise memories: 
          globals: 
          locals: 

 raises: 
Effects: doing one iteration...
Effects: doing one iteration...
Effects: doing one iteration...
Effects: fixpoint reached
Effects for function isodigit:
 reads:  alloc_table: 
         tag_table: 
         memories: 
         raw memories: 
         precise memories: 
         globals: 
         locals: \result at (Here), c at (Here)

 writes:  alloc_table: 
          tag_table: 
          memories: 
          raw memories: 
          precise memories: 
          globals: 
          locals: 

 raises: 
Effects: doing one iteration...
Effects: doing one iteration...
Effects: doing one iteration...
Effects: doing one iteration...
Effects: fixpoint reached
Effects for function unescape_hex:
 reads:  alloc_table: (char_xM_13 : alloc-root "voidP") at (Here, Old),
                      (char_xM_12 : alloc-root "voidP") at (Here),
                      (dst_0_3 : alloc-root "voidP") at (Here, Old),
                      (src_6_2 : alloc-root "voidP") at (Here, Old)
         tag_table: (char_xM_13 : voidP) at (Here),
                    (char_xM_12 : voidP) at (Here)
         memories: (dst_0_3 : mem-field "char_xM") at (Here, Old),
                   (src_6_2 : mem-field "char_xM") at (Here, Old),
                   (char_xM_13 : mem-field "charM") at (Here),
                   (char_xM_12 : mem-field "charM") at (Here)
         raw memories: (dst_0_3 : mem-field "char_xM") at (Here, Old),
                       (src_6_2 : mem-field "char_xM") at (Here, Old),
                       (char_xM_13 : mem-field "charM") at (Here),
                       (char_xM_12 : mem-field "charM") at (Here)
         precise memories: 
         globals: 
         locals: __retres at (Here), tmp_0 at (Here), tmp at (Here),
                 num at (Here), digit at (Here), q at (Here), p at (Here),
                 \result at (Here), dst_0 at (Here), src_6 at (Here)

 writes:  alloc_table: 
          tag_table: 
          memories: (dst_0_3 : mem-field "char_xM") at (Here, Old),
                    (src_6_2 : mem-field "char_xM") at (Here, Old),
                    (char_xM_13 : mem-field "charM") at (Here, Old)
          raw memories: (dst_0_3 : mem-field "char_xM") at (Here, Old),
                        (src_6_2 : mem-field "char_xM") at (Here, Old),
                        (char_xM_13 : mem-field "charM") at (Here, Old)
          precise memories: 
          globals: 
          locals: __retres at (Here), tmp_0 at (Here), tmp at (Here),
                  num at (Here), digit at (Here), q at (Here), p at (Here)

 raises: 
Effects: doing one iteration...
Effects: doing one iteration...
Effects: doing one iteration...
Effects: doing one iteration...
Effects: fixpoint reached
Effects for function unescape_octal:
 reads:  alloc_table: (char_xM_19 : alloc-root "voidP") at (Here, Old),
                      (char_xM_18 : alloc-root "voidP") at (Here),
                      (dst_1_5 : alloc-root "voidP") at (Here, Old),
                      (src_7_4 : alloc-root "voidP") at (Here, Old)
         tag_table: (char_xM_19 : voidP) at (Here),
                    (char_xM_18 : voidP) at (Here)
         memories: (dst_1_5 : mem-field "char_xM") at (Here, Old),
                   (src_7_4 : mem-field "char_xM") at (Here, Old),
                   (char_xM_19 : mem-field "charM") at (Here),
                   (char_xM_18 : mem-field "charM") at (Here)
         raw memories: (dst_1_5 : mem-field "char_xM") at (Here, Old),
                       (src_7_4 : mem-field "char_xM") at (Here, Old),
                       (char_xM_19 : mem-field "charM") at (Here),
                       (char_xM_18 : mem-field "charM") at (Here)
         precise memories: 
         globals: 
         locals: __retres_0 at (Here), tmp_2 at (Here), tmp_1 at (Here),
                 tmp_0_1 at (Here), tmp_0_0 at (Here), num_0 at (Here),
                 q_0 at (Here), p_0 at (Here), \result at (Here),
                 dst_1 at (Here), src_7 at (Here)

 writes:  alloc_table: 
          tag_table: 
          memories: (dst_1_5 : mem-field "char_xM") at (Here, Old),
                    (src_7_4 : mem-field "char_xM") at (Here, Old),
                    (char_xM_19 : mem-field "charM") at (Here, Old)
          raw memories: (dst_1_5 : mem-field "char_xM") at (Here, Old),
                        (src_7_4 : mem-field "char_xM") at (Here, Old),
                        (char_xM_19 : mem-field "charM") at (Here, Old)
          precise memories: 
          globals: 
          locals: __retres_0 at (Here), tmp_2 at (Here), tmp_1 at (Here),
                  tmp_0_1 at (Here), tmp_0_0 at (Here), num_0 at (Here),
                  q_0 at (Here), p_0 at (Here)

 raises: 
Effects: doing one iteration...
Effects: doing one iteration...
Effects: doing one iteration...
Effects: doing one iteration...
Effects: fixpoint reached
Effects for function unescape_space:
 reads:  alloc_table: (char_xM_25 : alloc-root "voidP") at (Here, Old),
                      (char_xM_24 : alloc-root "voidP") at (Here),
                      (dst_2_7 : alloc-root "voidP") at (Here, Old),
                      (src_8_6 : alloc-root "voidP") at (Here, Old)
         tag_table: (char_xM_25 : voidP) at (Here),
                    (char_xM_24 : voidP) at (Here)
         memories: (dst_2_7 : mem-field "char_xM") at (Here, Old),
                   (src_8_6 : mem-field "char_xM") at (Here, Old),
                   (char_xM_25 : mem-field "charM") at (Here),
                   (char_xM_24 : mem-field "charM") at (Here)
         raw memories: (dst_2_7 : mem-field "char_xM") at (Here, Old),
                       (src_8_6 : mem-field "char_xM") at (Here, Old),
                       (char_xM_25 : mem-field "charM") at (Here),
                       (char_xM_24 : mem-field "charM") at (Here)
         precise memories: 
         globals: 
         locals: _jessie_8 at (Here), __retres_1 at (Here), q_1 at (Here),
                 p_1 at (Here), \result at (Here), dst_2 at (Here),
                 src_8 at (Here)

 writes:  alloc_table: 
          tag_table: 
          memories: (dst_2_7 : mem-field "char_xM") at (Here, Old),
                    (src_8_6 : mem-field "char_xM") at (Here, Old),
                    (char_xM_25 : mem-field "charM") at (Here, Old)
          raw memories: (dst_2_7 : mem-field "char_xM") at (Here, Old),
                        (src_8_6 : mem-field "char_xM") at (Here, Old),
                        (char_xM_25 : mem-field "charM") at (Here, Old)
          precise memories: 
          globals: 
          locals: __retres_1 at (Here), q_1 at (Here), p_1 at (Here)

 raises: 
Effects: doing one iteration...
Effects: doing one iteration...
Effects: doing one iteration...
Effects: doing one iteration...
Effects: fixpoint reached
Effects for function unescape_special:
 reads:  alloc_table: (char_xM_29 : alloc-root "voidP") at (Here, Old),
                      (char_xM_28 : alloc-root "voidP") at (Here),
                      (dst_3_9 : alloc-root "voidP") at (Here, Old),
                      (src_9_8 : alloc-root "voidP") at (Here, Old)
         tag_table: (char_xM_29 : voidP) at (Here),
                    (char_xM_28 : voidP) at (Here)
         memories: (dst_3_9 : mem-field "char_xM") at (Here, Old),
                   (src_9_8 : mem-field "char_xM") at (Here, Old),
                   (char_xM_29 : mem-field "charM") at (Here),
                   (char_xM_28 : mem-field "charM") at (Here)
         raw memories: (dst_3_9 : mem-field "char_xM") at (Here, Old),
                       (src_9_8 : mem-field "char_xM") at (Here, Old),
                       (char_xM_29 : mem-field "charM") at (Here),
                       (char_xM_28 : mem-field "charM") at (Here)
         precise memories: 
         globals: 
         locals: _jessie_12 at (Here), __retres_2 at (Here), q_2 at (Here),
                 p_2 at (Here), \result at (Here), dst_3 at (Here),
                 src_9 at (Here)

 writes:  alloc_table: 
          tag_table: 
          memories: (dst_3_9 : mem-field "char_xM") at (Here, Old),
                    (src_9_8 : mem-field "char_xM") at (Here, Old),
                    (char_xM_29 : mem-field "charM") at (Here, Old)
          raw memories: (dst_3_9 : mem-field "char_xM") at (Here, Old),
                        (src_9_8 : mem-field "char_xM") at (Here, Old),
                        (char_xM_29 : mem-field "charM") at (Here, Old)
          precise memories: 
          globals: 
          locals: __retres_2 at (Here), q_2 at (Here), p_2 at (Here)

 raises: 
Effects: doing one iteration...
all_allocs(tag char_xP):
  Found 1 allocs.
all_memories(tag char_xP):
  Found 0 memories.
all_tags(tag char_xP):
  Found 1 tags.
all_allocs(tag char_xP):
  Found 1 allocs.
all_memories(tag char_xP):
  Found 0 memories.
all_tags(tag char_xP):
  Found 1 tags.
all_allocs(tag char_xP):
  Found 1 allocs.
all_memories(tag char_xP):
  Found 0 memories.
all_allocs(tag char_xP):
  Found 1 allocs.
all_memories(tag char_xP):
  Found 0 memories.
Effects: doing one iteration...
all_allocs(tag char_xP):
  Found 1 allocs.
all_memories(tag char_xP):
  Found 0 memories.
all_tags(tag char_xP):
  Found 1 tags.
all_allocs(tag char_xP):
  Found 1 allocs.
all_memories(tag char_xP):
  Found 0 memories.
all_tags(tag char_xP):
  Found 1 tags.
all_allocs(tag char_xP):
  Found 1 allocs.
all_memories(tag char_xP):
  Found 0 memories.
all_allocs(tag char_xP):
  Found 1 allocs.
all_memories(tag char_xP):
  Found 0 memories.
Effects: doing one iteration...
all_allocs(tag char_xP):
  Found 1 allocs.
all_memories(tag char_xP):
  Found 0 memories.
all_tags(tag char_xP):
  Found 1 tags.
all_allocs(tag char_xP):
  Found 1 allocs.
all_memories(tag char_xP):
  Found 0 memories.
all_tags(tag char_xP):
  Found 1 tags.
all_allocs(tag char_xP):
  Found 1 allocs.
all_memories(tag char_xP):
  Found 0 memories.
all_allocs(tag char_xP):
  Found 1 allocs.
all_memories(tag char_xP):
  Found 0 memories.
Effects: fixpoint reached
Effects for function string_unescape:
 reads:  alloc_table: (out_34 : alloc-root "voidP") at (Here, Old),
                      (src_5_32 : alloc-root "voidP") at (Here, Old),
                      (dst_11 : alloc-root "voidP") at (Here, Old),
                      (v_src_5_10 : alloc-root "voidP") at (Here)
         tag_table: (dst_11 : voidP) at (Here),
                    (v_src_5_10 : voidP) at (Here)
         memories: (out_34 : mem-field "char_xM") at (Here, Old),
                   (src_5_32 : mem-field "char_xM") at (Here, Old),
                   (dst_11 : mem-field "charM") at (Here),
                   (v_src_5_10 : mem-field "charM") at (Here)
         raw memories: (out_34 : mem-field "char_xM") at (Here, Old),
                       (src_5_32 : mem-field "char_xM") at (Here, Old),
                       (dst_11 : mem-field "charM") at (Here),
                       (v_src_5_10 : mem-field "charM") at (Here)
         precise memories: 
         globals: 
         locals: __retres_3 at (Here), tmp_5 at (Here), tmp_4 at (Here),
                 tmp_3 at (Here), tmp_2_0 at (Here), tmp_1_0 at (Here),
                 tmp_0_3 at (Here), tmp_0_2 at (Here), out at (Here),
                 src_5 at (Here), \result at (Here), flags_0 at (Here),
                 size_2 at (Here, Old), dst at (Here), v_src_5 at (Here)

 writes:  alloc_table: (out_34 : alloc-root "voidP") at (Here),
                       (src_5_32 : alloc-root "voidP") at (Here)
          tag_table: (out_34 : voidP) at (Here), (src_5_32 : voidP) at (Here)
          memories: (out_34 : mem-field "char_xM") at (Here, Old),
                    (src_5_32 : mem-field "char_xM") at (Here, Old),
                    (dst_11 : mem-field "charM") at (Here, Old)
          raw memories: (out_34 : mem-field "char_xM") at (Here, Old),
                        (src_5_32 : mem-field "char_xM") at (Here, Old),
                        (dst_11 : mem-field "charM") at (Here, Old)
          precise memories: 
          globals: 
          locals: __retres_3 at (Here), tmp_5 at (Here), tmp_4 at (Here),
                  tmp_3 at (Here), tmp_2_0 at (Here), tmp_1_0 at (Here),
                  tmp_0_3 at (Here), tmp_0_2 at (Here), out at (Here),
                  osize at (Here), osrc at (Here), src_5 at (Here),
                  size_2 at (Here)

 raises: 
Translate logic types
Translate structures
all_allocs(tag charP):
  Found 1 allocs.
all_memories(tag charP):
  Found 0 memories.
all_memories(tag charP):
  Found 0 memories.
all_allocs(tag charP):
  Found 1 allocs.
all_allocs(tag charP):
  Found 1 allocs.
all_memories(tag charP):
  Found 0 memories.
all_allocs(tag charP):
  Found 1 allocs.
all_tags(tag charP):
  Found 1 tags.
all_memories(tag charP):
  Found 0 memories.
all_memories(tag charP):
  Found 0 memories.
all_tags(tag charP):
  Found 1 tags.
all_memories(tag charP):
  Found 0 memories.
all_tags(tag charP):
  Found 1 tags.
all_memories(tag charP):
  Found 0 memories.
all_tags(tag charP):
  Found 1 tags.
all_memories(tag charP):
  Found 0 memories.
all_allocs(tag charP):
  Found 1 allocs.
all_tags(tag charP):
  Found 1 tags.
all_memories(tag charP):
  Found 0 memories.
all_allocs(tag charP):
  Found 1 allocs.
all_memories(tag charP):
  Found 0 memories.
all_memories(tag charP):
  Found 0 memories.
all_allocs(tag charP):
  Found 1 allocs.
all_allocs(tag charP):
  Found 1 allocs.
all_memories(tag charP):
  Found 0 memories.
all_memories(tag charP):
  Found 0 memories.
all_allocs(tag charP):
  Found 1 allocs.
all_allocs(tag charP):
  Found 1 allocs.
all_memories(tag charP):
  Found 0 memories.
all_allocs(tag charP):
  Found 1 allocs.
all_tags(tag charP):
  Found 1 tags.
all_memories(tag charP):
  Found 0 memories.
all_memories(tag charP):
  Found 0 memories.
all_tags(tag charP):
  Found 1 tags.
all_memories(tag charP):
  Found 0 memories.
all_tags(tag charP):
  Found 1 tags.
all_memories(tag charP):
  Found 0 memories.
all_tags(tag charP):
  Found 1 tags.
all_memories(tag charP):
  Found 0 memories.
all_allocs(tag charP):
  Found 1 allocs.
all_tags(tag charP):
  Found 1 tags.
all_memories(tag charP):
  Found 0 memories.
all_allocs(tag charP):
  Found 1 allocs.
all_memories(tag charP):
  Found 0 memories.
all_memories(tag charP):
  Found 0 memories.
all_allocs(tag charP):
  Found 1 allocs.
all_allocs(tag charP):
  Found 1 allocs.
all_tags(tag charP):
  Found 1 tags.
all_memories(tag charP):
  Found 0 memories.
all_memories(tag charP):
  Found 0 memories.
all_tags(tag charP):
  Found 1 tags.
all_memories(tag charP):
  Found 0 memories.
all_tags(tag charP):
  Found 1 tags.
all_memories(tag charP):
  Found 0 memories.
all_tags(tag charP):
  Found 1 tags.
all_memories(tag charP):
  Found 0 memories.
all_allocs(tag charP):
  Found 1 allocs.
all_tags(tag charP):
  Found 1 tags.
all_memories(tag charP):
  Found 0 memories.
all_allocs(tag charP):
  Found 1 allocs.
all_memories(tag charP):
  Found 0 memories.
all_memories(tag charP):
  Found 0 memories.
all_allocs(tag charP):
  Found 1 allocs.
all_tags(tag charP):
  Found 1 tags.
all_memories(tag charP):
  Found 0 memories.
all_allocs(tag charP):
  Found 1 allocs.
all_memories(tag charP):
  Found 0 memories.
all_allocs(tag charP):
  Found 1 allocs.
all_memories(tag charP):
  Found 0 memories.
all_memories(tag charP):
  Found 0 memories.
all_tags(tag charP):
  Found 1 tags.
all_memories(tag voidP):
  Found 0 memories.
all_tags(tag voidP):
  Found 1 tags.
all_memories(tag charP):
  Found 0 memories.
all_allocs(tag charP):
  Found 1 allocs.
all_memories(tag voidP):
  Found 0 memories.
all_allocs(tag voidP):
  Found 1 allocs.
all_memories(tag charP):
  Found 0 memories.
all_tags(tag charP):
  Found 1 tags.
all_memories(tag charP):
  Found 0 memories.
all_tags(tag charP):
  Found 1 tags.
all_memories(tag charP):
  Found 0 memories.
all_tags(tag charP):
  Found 1 tags.
all_memories(tag charP):
  Found 0 memories.
all_tags(tag charP):
  Found 1 tags.
all_memories(tag charP):
  Found 0 memories.
all_tags(tag charP):
  Found 1 tags.
all_memories(tag charP):
  Found 0 memories.
all_tags(tag charP):
  Found 1 tags.
all_memories(tag charP):
  Found 0 memories.
all_allocs(tag charP):
  Found 1 allocs.
all_memories(tag voidP):
  Found 0 memories.
all_allocs(tag voidP):
  Found 1 allocs.
all_memories(tag charP):
  Found 0 memories.
all_allocs(tag charP):
  Found 1 allocs.
all_memories(tag voidP):
  Found 0 memories.
all_allocs(tag voidP):
  Found 1 allocs.
all_memories(tag charP):
  Found 0 memories.
all_allocs(tag charP):
  Found 1 allocs.
all_memories(tag voidP):
  Found 0 memories.
all_allocs(tag voidP):
  Found 1 allocs.
all_memories(tag charP):
  Found 0 memories.
all_allocs(tag charP):
  Found 1 allocs.
all_memories(tag voidP):
  Found 0 memories.
all_allocs(tag voidP):
  Found 1 allocs.
all_allocs(tag char_xP):
  Found 1 allocs.
all_memories(tag char_xP):
  Found 0 memories.
all_memories(tag char_xP):
  Found 0 memories.
all_allocs(tag char_xP):
  Found 1 allocs.
all_allocs(tag char_xP):
  Found 1 allocs.
all_memories(tag char_xP):
  Found 0 memories.
all_allocs(tag char_xP):
  Found 1 allocs.
all_tags(tag char_xP):
  Found 1 tags.
all_memories(tag char_xP):
  Found 0 memories.
all_memories(tag char_xP):
  Found 0 memories.
all_tags(tag char_xP):
  Found 1 tags.
all_memories(tag char_xP):
  Found 0 memories.
all_tags(tag char_xP):
  Found 1 tags.
all_memories(tag char_xP):
  Found 0 memories.
all_tags(tag char_xP):
  Found 1 tags.
all_memories(tag char_xP):
  Found 0 memories.
all_allocs(tag char_xP):
  Found 1 allocs.
all_tags(tag char_xP):
  Found 1 tags.
all_memories(tag char_xP):
  Found 0 memories.
all_allocs(tag char_xP):
  Found 1 allocs.
all_memories(tag char_xP):
  Found 0 memories.
all_memories(tag char_xP):
  Found 0 memories.
all_allocs(tag char_xP):
  Found 1 allocs.
all_allocs(tag char_xP):
  Found 1 allocs.
all_memories(tag char_xP):
  Found 0 memories.
all_memories(tag char_xP):
  Found 0 memories.
all_allocs(tag char_xP):
  Found 1 allocs.
all_allocs(tag char_xP):
  Found 1 allocs.
all_memories(tag char_xP):
  Found 0 memories.
all_allocs(tag char_xP):
  Found 1 allocs.
all_tags(tag char_xP):
  Found 1 tags.
all_memories(tag char_xP):
  Found 0 memories.
all_memories(tag char_xP):
  Found 0 memories.
all_tags(tag char_xP):
  Found 1 tags.
all_memories(tag char_xP):
  Found 0 memories.
all_tags(tag char_xP):
  Found 1 tags.
all_memories(tag char_xP):
  Found 0 memories.
all_tags(tag char_xP):
  Found 1 tags.
all_memories(tag char_xP):
  Found 0 memories.
all_allocs(tag char_xP):
  Found 1 allocs.
all_tags(tag char_xP):
  Found 1 tags.
all_memories(tag char_xP):
  Found 0 memories.
all_allocs(tag char_xP):
  Found 1 allocs.
all_memories(tag char_xP):
  Found 0 memories.
all_memories(tag char_xP):
  Found 0 memories.
all_allocs(tag char_xP):
  Found 1 allocs.
all_allocs(tag char_xP):
  Found 1 allocs.
all_tags(tag char_xP):
  Found 1 tags.
all_memories(tag char_xP):
  Found 0 memories.
all_memories(tag char_xP):
  Found 0 memories.
all_tags(tag char_xP):
  Found 1 tags.
all_memories(tag char_xP):
  Found 0 memories.
all_tags(tag char_xP):
  Found 1 tags.
all_memories(tag char_xP):
  Found 0 memories.
all_tags(tag char_xP):
  Found 1 tags.
all_memories(tag char_xP):
  Found 0 memories.
all_allocs(tag char_xP):
  Found 1 allocs.
all_tags(tag char_xP):
  Found 1 tags.
all_memories(tag char_xP):
  Found 0 memories.
all_allocs(tag char_xP):
  Found 1 allocs.
all_memories(tag char_xP):
  Found 0 memories.
all_memories(tag char_xP):
  Found 0 memories.
all_allocs(tag char_xP):
  Found 1 allocs.
all_tags(tag char_xP):
  Found 1 tags.
all_memories(tag char_xP):
  Found 0 memories.
all_allocs(tag char_xP):
  Found 1 allocs.
all_memories(tag char_xP):
  Found 0 memories.
all_allocs(tag char_xP):
  Found 1 allocs.
all_memories(tag char_xP):
  Found 0 memories.
all_memories(tag char_xP):
  Found 0 memories.
all_tags(tag char_xP):
  Found 1 tags.
all_memories(tag voidP):
  Found 0 memories.
all_tags(tag voidP):
  Found 1 tags.
all_memories(tag char_xP):
  Found 0 memories.
all_allocs(tag char_xP):
  Found 1 allocs.
all_memories(tag voidP):
  Found 0 memories.
all_allocs(tag voidP):
  Found 1 allocs.
all_memories(tag char_xP):
  Found 0 memories.
all_tags(tag char_xP):
  Found 1 tags.
all_memories(tag char_xP):
  Found 0 memories.
all_tags(tag char_xP):
  Found 1 tags.
all_memories(tag char_xP):
  Found 0 memories.
all_tags(tag char_xP):
  Found 1 tags.
all_memories(tag char_xP):
  Found 0 memories.
all_tags(tag char_xP):
  Found 1 tags.
all_memories(tag char_xP):
  Found 0 memories.
all_tags(tag char_xP):
  Found 1 tags.
all_memories(tag char_xP):
  Found 0 memories.
all_tags(tag char_xP):
  Found 1 tags.
all_memories(tag char_xP):
  Found 0 memories.
all_allocs(tag char_xP):
  Found 1 allocs.
all_memories(tag voidP):
  Found 0 memories.
all_allocs(tag voidP):
  Found 1 allocs.
all_memories(tag char_xP):
  Found 0 memories.
all_allocs(tag char_xP):
  Found 1 allocs.
all_memories(tag voidP):
  Found 0 memories.
all_allocs(tag voidP):
  Found 1 allocs.
all_memories(tag char_xP):
  Found 0 memories.
all_allocs(tag char_xP):
  Found 1 allocs.
all_memories(tag voidP):
  Found 0 memories.
all_allocs(tag voidP):
  Found 1 allocs.
all_memories(tag char_xP):
  Found 0 memories.
all_allocs(tag char_xP):
  Found 1 allocs.
all_memories(tag voidP):
  Found 0 memories.
all_allocs(tag voidP):
  Found 1 allocs.
all_allocs(tag unsigned_charP):
  Found 1 allocs.
all_memories(tag unsigned_charP):
  Found 0 memories.
all_memories(tag unsigned_charP):
  Found 0 memories.
all_allocs(tag unsigned_charP):
  Found 1 allocs.
all_allocs(tag unsigned_charP):
  Found 1 allocs.
all_memories(tag unsigned_charP):
  Found 0 memories.
all_allocs(tag unsigned_charP):
  Found 1 allocs.
all_tags(tag unsigned_charP):
  Found 1 tags.
all_memories(tag unsigned_charP):
  Found 0 memories.
all_memories(tag unsigned_charP):
  Found 0 memories.
all_tags(tag unsigned_charP):
  Found 1 tags.
all_memories(tag unsigned_charP):
  Found 0 memories.
all_tags(tag unsigned_charP):
  Found 1 tags.
all_memories(tag unsigned_charP):
  Found 0 memories.
all_tags(tag unsigned_charP):
  Found 1 tags.
all_memories(tag unsigned_charP):
  Found 0 memories.
all_allocs(tag unsigned_charP):
  Found 1 allocs.
all_tags(tag unsigned_charP):
  Found 1 tags.
all_memories(tag unsigned_charP):
  Found 0 memories.
all_allocs(tag unsigned_charP):
  Found 1 allocs.
all_memories(tag unsigned_charP):
  Found 0 memories.
all_memories(tag unsigned_charP):
  Found 0 memories.
all_allocs(tag unsigned_charP):
  Found 1 allocs.
all_allocs(tag unsigned_charP):
  Found 1 allocs.
all_memories(tag unsigned_charP):
  Found 0 memories.
all_memories(tag unsigned_charP):
  Found 0 memories.
all_allocs(tag unsigned_charP):
  Found 1 allocs.
all_allocs(tag unsigned_charP):
  Found 1 allocs.
all_memories(tag unsigned_charP):
  Found 0 memories.
all_allocs(tag unsigned_charP):
  Found 1 allocs.
all_tags(tag unsigned_charP):
  Found 1 tags.
all_memories(tag unsigned_charP):
  Found 0 memories.
all_memories(tag unsigned_charP):
  Found 0 memories.
all_tags(tag unsigned_charP):
  Found 1 tags.
all_memories(tag unsigned_charP):
  Found 0 memories.
all_tags(tag unsigned_charP):
  Found 1 tags.
all_memories(tag unsigned_charP):
  Found 0 memories.
all_tags(tag unsigned_charP):
  Found 1 tags.
all_memories(tag unsigned_charP):
  Found 0 memories.
all_allocs(tag unsigned_charP):
  Found 1 allocs.
all_tags(tag unsigned_charP):
  Found 1 tags.
all_memories(tag unsigned_charP):
  Found 0 memories.
all_allocs(tag unsigned_charP):
  Found 1 allocs.
all_memories(tag unsigned_charP):
  Found 0 memories.
all_memories(tag unsigned_charP):
  Found 0 memories.
all_allocs(tag unsigned_charP):
  Found 1 allocs.
all_allocs(tag unsigned_charP):
  Found 1 allocs.
all_tags(tag unsigned_charP):
  Found 1 tags.
all_memories(tag unsigned_charP):
  Found 0 memories.
all_memories(tag unsigned_charP):
  Found 0 memories.
all_tags(tag unsigned_charP):
  Found 1 tags.
all_memories(tag unsigned_charP):
  Found 0 memories.
all_tags(tag unsigned_charP):
  Found 1 tags.
all_memories(tag unsigned_charP):
  Found 0 memories.
all_tags(tag unsigned_charP):
  Found 1 tags.
all_memories(tag unsigned_charP):
  Found 0 memories.
all_allocs(tag unsigned_charP):
  Found 1 allocs.
all_tags(tag unsigned_charP):
  Found 1 tags.
all_memories(tag unsigned_charP):
  Found 0 memories.
all_allocs(tag unsigned_charP):
  Found 1 allocs.
all_memories(tag unsigned_charP):
  Found 0 memories.
all_memories(tag unsigned_charP):
  Found 0 memories.
all_allocs(tag unsigned_charP):
  Found 1 allocs.
all_tags(tag unsigned_charP):
  Found 1 tags.
all_memories(tag unsigned_charP):
  Found 0 memories.
all_allocs(tag unsigned_charP):
  Found 1 allocs.
all_memories(tag unsigned_charP):
  Found 0 memories.
all_allocs(tag unsigned_charP):
  Found 1 allocs.
all_memories(tag unsigned_charP):
  Found 0 memories.
all_memories(tag unsigned_charP):
  Found 0 memories.
all_tags(tag unsigned_charP):
  Found 1 tags.
all_memories(tag unsigned_charP):
  Found 0 memories.
all_allocs(tag unsigned_charP):
  Found 1 allocs.
all_memories(tag unsigned_charP):
  Found 0 memories.
all_tags(tag unsigned_charP):
  Found 1 tags.
all_memories(tag unsigned_charP):
  Found 0 memories.
all_tags(tag unsigned_charP):
  Found 1 tags.
all_memories(tag unsigned_charP):
  Found 0 memories.
all_tags(tag unsigned_charP):
  Found 1 tags.
all_memories(tag unsigned_charP):
  Found 0 memories.
all_tags(tag unsigned_charP):
  Found 1 tags.
all_memories(tag unsigned_charP):
  Found 0 memories.
all_tags(tag unsigned_charP):
  Found 1 tags.
all_memories(tag unsigned_charP):
  Found 0 memories.
all_tags(tag unsigned_charP):
  Found 1 tags.
all_memories(tag unsigned_charP):
  Found 0 memories.
all_allocs(tag unsigned_charP):
  Found 1 allocs.
all_memories(tag unsigned_charP):
  Found 0 memories.
all_allocs(tag unsigned_charP):
  Found 1 allocs.
all_memories(tag unsigned_charP):
  Found 0 memories.
all_allocs(tag unsigned_charP):
  Found 1 allocs.
all_memories(tag unsigned_charP):
  Found 0 memories.
all_allocs(tag unsigned_charP):
  Found 1 allocs.
all_allocs(tag voidP):
  Found 1 allocs.
all_memories(tag voidP):
  Found 0 memories.
all_memories(tag voidP):
  Found 0 memories.
all_allocs(tag voidP):
  Found 1 allocs.
all_allocs(tag voidP):
  Found 1 allocs.
all_memories(tag voidP):
  Found 0 memories.
all_allocs(tag voidP):
  Found 1 allocs.
all_tags(tag voidP):
  Found 1 tags.
all_memories(tag voidP):
  Found 0 memories.
all_memories(tag voidP):
  Found 0 memories.
all_tags(tag voidP):
  Found 1 tags.
all_memories(tag voidP):
  Found 0 memories.
all_tags(tag voidP):
  Found 1 tags.
all_memories(tag voidP):
  Found 0 memories.
all_tags(tag voidP):
  Found 1 tags.
all_memories(tag voidP):
  Found 0 memories.
all_allocs(tag voidP):
  Found 1 allocs.
all_tags(tag voidP):
  Found 1 tags.
all_memories(tag voidP):
  Found 0 memories.
all_allocs(tag voidP):
  Found 1 allocs.
all_memories(tag voidP):
  Found 0 memories.
all_memories(tag voidP):
  Found 0 memories.
all_allocs(tag voidP):
  Found 1 allocs.
all_allocs(tag voidP):
  Found 1 allocs.
all_memories(tag voidP):
  Found 0 memories.
all_memories(tag voidP):
  Found 0 memories.
all_allocs(tag voidP):
  Found 1 allocs.
all_allocs(tag voidP):
  Found 1 allocs.
all_memories(tag voidP):
  Found 0 memories.
all_allocs(tag voidP):
  Found 1 allocs.
all_tags(tag voidP):
  Found 1 tags.
all_memories(tag voidP):
  Found 0 memories.
all_memories(tag voidP):
  Found 0 memories.
all_tags(tag voidP):
  Found 1 tags.
all_memories(tag voidP):
  Found 0 memories.
all_tags(tag voidP):
  Found 1 tags.
all_memories(tag voidP):
  Found 0 memories.
all_tags(tag voidP):
  Found 1 tags.
all_memories(tag voidP):
  Found 0 memories.
all_allocs(tag voidP):
  Found 1 allocs.
all_tags(tag voidP):
  Found 1 tags.
all_memories(tag voidP):
  Found 0 memories.
all_allocs(tag voidP):
  Found 1 allocs.
all_memories(tag voidP):
  Found 0 memories.
all_memories(tag voidP):
  Found 0 memories.
all_allocs(tag voidP):
  Found 1 allocs.
all_allocs(tag voidP):
  Found 1 allocs.
all_tags(tag voidP):
  Found 1 tags.
all_memories(tag voidP):
  Found 0 memories.
all_memories(tag voidP):
  Found 0 memories.
all_tags(tag voidP):
  Found 1 tags.
all_memories(tag voidP):
  Found 0 memories.
all_tags(tag voidP):
  Found 1 tags.
all_memories(tag voidP):
  Found 0 memories.
all_tags(tag voidP):
  Found 1 tags.
all_memories(tag voidP):
  Found 0 memories.
all_allocs(tag voidP):
  Found 1 allocs.
all_tags(tag voidP):
  Found 1 tags.
all_memories(tag voidP):
  Found 0 memories.
all_allocs(tag voidP):
  Found 1 allocs.
all_memories(tag voidP):
  Found 0 memories.
all_memories(tag voidP):
  Found 0 memories.
all_allocs(tag voidP):
  Found 1 allocs.
all_tags(tag voidP):
  Found 1 tags.
all_memories(tag voidP):
  Found 0 memories.
all_allocs(tag voidP):
  Found 1 allocs.
all_memories(tag voidP):
  Found 0 memories.
all_allocs(tag voidP):
  Found 1 allocs.
all_memories(tag voidP):
  Found 0 memories.
all_memories(tag voidP):
  Found 0 memories.
all_tags(tag voidP):
  Found 1 tags.
all_memories(tag voidP):
  Found 0 memories.
all_allocs(tag voidP):
  Found 1 allocs.
all_memories(tag voidP):
  Found 0 memories.
all_tags(tag voidP):
  Found 1 tags.
all_memories(tag voidP):
  Found 0 memories.
all_tags(tag voidP):
  Found 1 tags.
all_memories(tag voidP):
  Found 0 memories.
all_tags(tag voidP):
  Found 1 tags.
all_memories(tag voidP):
  Found 0 memories.
all_tags(tag voidP):
  Found 1 tags.
all_memories(tag voidP):
  Found 0 memories.
all_tags(tag voidP):
  Found 1 tags.
all_memories(tag voidP):
  Found 0 memories.
all_tags(tag voidP):
  Found 1 tags.
all_memories(tag voidP):
  Found 0 memories.
all_allocs(tag voidP):
  Found 1 allocs.
all_memories(tag voidP):
  Found 0 memories.
all_allocs(tag voidP):
  Found 1 allocs.
all_memories(tag voidP):
  Found 0 memories.
all_allocs(tag voidP):
  Found 1 allocs.
all_memories(tag voidP):
  Found 0 memories.
all_allocs(tag voidP):
  Found 1 allocs.
Translate variants
Translate global regions
Translate exceptions
Translate enumerated types
Translate dummies
Translate standalone logic functions
Logic function hex_to_bin
Logic function isxdigit
Logic function isdigit
Logic function isodigit
Logic function unescape_space
Logic function unescape_special
Logic function is_special
Translate axiomatic declarations
Axiomatic HexToBin
Axiomatic Padding
Axiomatic Un_Space
Axiomatic Un_Special
Translate lemmas
Translate functions
Pre-treatement Function hex_to_bin
Pre-treatement Function isodigit
Pre-treatement Function unescape_hex
Pre-treatement Function unescape_octal
Pre-treatement Function unescape_space
Pre-treatement Function unescape_special
Pre-treatement Function string_unescape
Function hex_to_bin
Function isodigit
Function unescape_hex
Function unescape_octal
Function unescape_space
Function unescape_special
Function string_unescape
all_allocs(tag char_xP):
  Found 1 allocs.
all_memories(tag char_xP):
  Found 0 memories.
all_tags(tag char_xP):
  Found 1 tags.
all_allocs(tag char_xP):
  Found 1 allocs.
all_memories(tag char_xP):
  Found 0 memories.
all_tags(tag char_xP):
  Found 1 tags.
all_allocs(tag char_xP):
  Found 1 allocs.
all_tags(tag char_xP):
  Found 1 tags.
all_memories(tag char_xP):
  Found 0 memories.
all_allocs(tag char_xP):
  Found 1 allocs.
all_tags(tag char_xP):
  Found 1 tags.
all_memories(tag char_xP):
  Found 0 memories.
all_allocs(tag char_xP):
  Found 1 allocs.
all_memories(tag char_xP):
  Found 0 memories.
all_allocs(tag char_xP):
  Found 1 allocs.
all_memories(tag char_xP):
  Found 0 memories.
all_allocs(tag char_xP):
  Found 1 allocs.
all_memories(tag char_xP):
  Found 0 memories.
all_tags(tag char_xP):
  Found 1 tags.
all_allocs(tag char_xP):
  Found 1 allocs.
all_memories(tag char_xP):
  Found 0 memories.
all_tags(tag char_xP):
  Found 1 tags.
all_allocs(tag char_xP):
  Found 1 allocs.
all_tags(tag char_xP):
  Found 1 tags.
all_memories(tag char_xP):
  Found 0 memories.
all_allocs(tag char_xP):
  Found 1 allocs.
all_tags(tag char_xP):
  Found 1 tags.
all_memories(tag char_xP):
  Found 0 memories.
all_allocs(tag char_xP):
  Found 1 allocs.
all_memories(tag char_xP):
  Found 0 memories.
all_allocs(tag char_xP):
  Found 1 allocs.
all_memories(tag char_xP):
  Found 0 memories.
all_allocs(tag char_xP):
  Found 1 allocs.
all_memories(tag char_xP):
  Found 0 memories.
all_tags(tag char_xP):
  Found 1 tags.
all_allocs(tag char_xP):
  Found 1 allocs.
all_memories(tag char_xP):
  Found 0 memories.
all_tags(tag char_xP):
  Found 1 tags.
all_allocs(tag char_xP):
  Found 1 allocs.
all_tags(tag char_xP):
  Found 1 tags.
all_memories(tag char_xP):
  Found 0 memories.
all_allocs(tag char_xP):
  Found 1 allocs.
all_tags(tag char_xP):
  Found 1 tags.
all_memories(tag char_xP):
  Found 0 memories.
all_allocs(tag char_xP):
  Found 1 allocs.
all_memories(tag char_xP):
  Found 0 memories.
all_allocs(tag char_xP):
  Found 1 allocs.
all_memories(tag char_xP):
  Found 0 memories.
Produce makefile
